<?xml version="1.0" encoding="UTF-8"?>
<!-- Generated by org.testng.reporters.JUnitReportReporter -->
<testsuite hostname="Sakthi" failures="0" tests="1" name="Selenium_Topics.Selenium_Css" time="3.352" errors="0" timestamp="2024-02-28T14:07:00 IST" skipped="0">
  <testcase classname="Selenium_Topics.Selenium_Css" name="CssMethod" time="3.352"/>
</testsuite> <!-- Selenium_Topics.Selenium_Css -->
