<?xml version="1.0" encoding="UTF-8"?>
<!-- Generated by org.testng.reporters.JUnitReportReporter -->
<testsuite hostname="Sakthi" failures="0" tests="1" name="Test_NG.Practice_testNG" time="17.872" errors="0" timestamp="2024-04-11T15:00:12 IST" skipped="0">
  <testcase classname="Test_NG.Practice_testNG" name="windowHandling" time="17.872"/>
</testsuite> <!-- Test_NG.Practice_testNG -->
