<?xml version="1.0" encoding="UTF-8"?>
<!-- Generated by org.testng.reporters.JUnitReportReporter -->
<testsuite hostname="Sakthi" failures="0" tests="1" name="DataDrivenFrameWork.ReadExcelSheet_Prac" time="0.723" errors="0" timestamp="2024-03-02T18:16:05 IST" skipped="0">
  <testcase classname="DataDrivenFrameWork.ReadExcelSheet_Prac" name="passWord" time="0.723"/>
</testsuite> <!-- DataDrivenFrameWork.ReadExcelSheet_Prac -->
