<?xml version="1.0" encoding="UTF-8"?>
<!-- Generated by org.testng.reporters.JUnitReportReporter -->
<testsuite hostname="Sakthi" failures="0" tests="1" name="Selenium_Topics.LogicalTry" time="0.013" errors="0" timestamp="2024-04-23T11:37:56 IST" skipped="0">
  <testcase classname="Selenium_Topics.LogicalTry" name="swappingTheTwoStringwithoutThirdString" time="0.013"/>
</testsuite> <!-- Selenium_Topics.LogicalTry -->
