<?xml version="1.0" encoding="UTF-8"?>
<!-- Generated by org.testng.reporters.JUnitReportReporter -->
<testsuite hostname="Sakthi" failures="0" tests="1" name="Selenium_Topics.Selenium_WebTable" time="8.766" errors="0" timestamp="2024-02-22T14:13:00 IST" skipped="0">
  <testcase classname="Selenium_Topics.Selenium_WebTable" name="webTable" time="8.766"/>
</testsuite> <!-- Selenium_Topics.Selenium_WebTable -->
