<?xml version="1.0" encoding="UTF-8"?>
<!-- Generated by org.testng.reporters.JUnitReportReporter -->
<testsuite hostname="Sakthi" failures="0" tests="1" name="Test_NG.LearnFindElements" time="7.964" errors="0" timestamp="2024-03-14T19:05:53 IST" skipped="0">
  <testcase classname="Test_NG.LearnFindElements" name="findElements" time="7.964"/>
</testsuite> <!-- Test_NG.LearnFindElements -->
