<?xml version="1.0" encoding="UTF-8"?>
<!-- Generated by org.testng.reporters.JUnitReportReporter -->
<testsuite hostname="Sakthi" failures="0" tests="1" name="Selenium_Topics.Selenium_Select" time="8.295" errors="0" timestamp="2024-02-23T16:31:14 IST" skipped="0">
  <testcase classname="Selenium_Topics.Selenium_Select" name="DropDown" time="8.295"/>
</testsuite> <!-- Selenium_Topics.Selenium_Select -->
