<?xml version="1.0" encoding="UTF-8"?>
<!-- Generated by org.testng.reporters.JUnitReportReporter -->
<testsuite hostname="Sakthi" failures="0" tests="1" name="Selenium_Topics.Logic_Practice" time="0.017" errors="0" timestamp="2024-04-23T12:11:51 IST" skipped="0">
  <testcase classname="Selenium_Topics.Logic_Practice" name="OccuranceOfString" time="0.017"/>
</testsuite> <!-- Selenium_Topics.Logic_Practice -->
