<?xml version="1.0" encoding="UTF-8"?>
<!-- Generated by org.testng.reporters.JUnitReportReporter -->
<testsuite hostname="Sakthi" failures="0" tests="1" name="Selenium_Topics.Robot" time="0.019" errors="0" timestamp="2024-04-05T15:31:44 IST" skipped="0">
  <testcase classname="Selenium_Topics.Robot" name="swappingTheGivenString" time="0.019"/>
</testsuite> <!-- Selenium_Topics.Robot -->
