<?xml version="1.0" encoding="UTF-8"?>
<!-- Generated by org.testng.reporters.JUnitReportReporter -->
<testsuite hostname="Sakthi" failures="0" tests="2" name="DataDrivenFrameWork.Login" time="27.956" errors="0" timestamp="2024-03-02T19:09:47 IST" skipped="0">
  <testcase classname="DataDrivenFrameWork.Login" name="loguser" time="14.627"/>
  <testcase classname="DataDrivenFrameWork.Login" name="loguser" time="13.329"/>
</testsuite> <!-- DataDrivenFrameWork.Login -->
