<?xml version="1.0" encoding="UTF-8"?>
<!-- Generated by org.testng.reporters.JUnitReportReporter -->
<testsuite hostname="Sakthi" failures="0" tests="1" name="Selenium_Topics.Selenium_Casting" time="15.663" errors="0" timestamp="2024-03-22T13:36:45 IST" skipped="0">
  <testcase classname="Selenium_Topics.Selenium_Casting" name="Casting" time="15.663"/>
</testsuite> <!-- Selenium_Topics.Selenium_Casting -->
