<?xml version="1.0" encoding="UTF-8"?>
<!-- Generated by org.testng.reporters.JUnitReportReporter -->
<testsuite hostname="Sakthi" failures="0" tests="1" name="job.Interview" time="3.945" errors="0" timestamp="2024-04-25T14:34:54 IST" skipped="0">
  <testcase classname="job.Interview" name="fromtest" time="3.945"/>
</testsuite> <!-- job.Interview -->
